2026-07-13 14:13:12 [scrapy.utils.log] INFO: Scrapy 2.17.0 started (bot: image_crawler)
2026-07-13 14:13:12 [scrapy.utils.log] INFO: Versions:
{'lxml': '6.1.1',
 'libxml2': '2.11.9',
 'cssselect': '1.4.0',
 'parsel': '1.11.0',
 'w3lib': '2.4.1',
 'Twisted': '26.4.0',
 'Python': '3.13.3 (tags/v3.13.3:6280bb5, Apr  8 2025, 14:47:33) [MSC v.1943 '
           '64 bit (AMD64)]',
 'pyOpenSSL': '26.3.0 (OpenSSL 4.0.1 9 Jun 2026)',
 'cryptography': '49.0.0',
 'Platform': 'Windows-11-10.0.26200-SP0'}
2026-07-13 14:13:12 [scrapy.addons] INFO: Enabled addons:
[]
2026-07-13 14:13:12 [scrapy.extensions.telnet] INFO: Telnet Password: b043fb2a78104f1e
2026-07-13 14:13:12 [scrapy.middleware] INFO: Enabled extensions:
['scrapy.extensions.corestats.CoreStats',
 'scrapy.extensions.logcount.LogCount',
 'scrapy.extensions.telnet.TelnetConsole',
 'scrapy.extensions.logstats.LogStats',
 'scrapy.extensions.throttle.AutoThrottle']
2026-07-13 14:13:12 [scrapy.crawler] INFO: Overridden settings:
{'AUTOTHROTTLE_ENABLED': True,
 'AUTOTHROTTLE_MAX_DELAY': 10,
 'AUTOTHROTTLE_START_DELAY': 0.1,
 'AUTOTHROTTLE_TARGET_CONCURRENCY': 8.0,
 'BOT_NAME': 'image_crawler',
 'CONCURRENT_REQUESTS': 32,
 'CONCURRENT_REQUESTS_PER_DOMAIN': 16,
 'DEPTH_LIMIT': 5,
 'DOWNLOAD_DELAY': 0.1,
 'HTTPCACHE_ENABLED': True,
 'HTTPCACHE_EXPIRATION_SECS': 86400,
 'HTTPCACHE_IGNORE_HTTP_CODES': [301, 302, 401, 403, 404, 500, 502, 503],
 'IMAGES_STORE': 'downloads',
 'LOG_FILE': 'crawl.log',
 'LOG_LEVEL': 'INFO',
 'NEWSPIDER_MODULE': 'image_crawler.spiders',
 'RETRY_HTTP_CODES': [500, 502, 503, 504, 408, 429],
 'RETRY_TIMES': 3,
 'ROBOTSTXT_OBEY': True,
 'SPIDER_MODULES': ['image_crawler.spiders']}
2026-07-13 14:13:12 [scrapy.middleware] INFO: Enabled downloader middlewares:
['scrapy.downloadermiddlewares.offsite.OffsiteMiddleware',
 'scrapy.downloadermiddlewares.robotstxt.RobotsTxtMiddleware',
 'scrapy.downloadermiddlewares.httpauth.HttpAuthMiddleware',
 'scrapy.downloadermiddlewares.downloadtimeout.DownloadTimeoutMiddleware',
 'scrapy.downloadermiddlewares.defaultheaders.DefaultHeadersMiddleware',
 'image_crawler.middlewares.RotateUserAgentMiddleware',
 'scrapy.downloadermiddlewares.retry.RetryMiddleware',
 'scrapy.downloadermiddlewares.redirect.MetaRefreshMiddleware',
 'scrapy.downloadermiddlewares.httpcompression.HttpCompressionMiddleware',
 'scrapy.downloadermiddlewares.redirect.RedirectMiddleware',
 'scrapy.downloadermiddlewares.cookies.CookiesMiddleware',
 'scrapy.downloadermiddlewares.httpproxy.HttpProxyMiddleware',
 'scrapy.downloadermiddlewares.stats.DownloaderStats',
 'scrapy.downloadermiddlewares.httpcache.HttpCacheMiddleware']
2026-07-13 14:13:12 [py.warnings] WARNING: D:\projects\web-scaping\image_crawler\.venv\Lib\site-packages\scrapy\core\downloader\middleware.py:46: ScrapyDeprecationWarning: RotateUserAgentMiddleware.process_request() requires a spider argument, this is deprecated and the argument will not be passed in future Scrapy versions. If you need to access the spider instance you can save the crawler instance passed to from_crawler() and use its spider attribute.
  self._check_mw_method_spider_arg(mw.process_request)

2026-07-13 14:13:12 [scrapy.middleware] INFO: Enabled spider middlewares:
['scrapy.spidermiddlewares.start.StartSpiderMiddleware',
 'scrapy.spidermiddlewares.httperror.HttpErrorMiddleware',
 'scrapy.spidermiddlewares.referer.RefererMiddleware',
 'scrapy.spidermiddlewares.urllength.UrlLengthMiddleware',
 'scrapy.spidermiddlewares.depth.DepthMiddleware']
2026-07-13 14:13:12 [scrapy.middleware] INFO: Enabled item pipelines:
['image_crawler.pipelines.DedupImagesPipeline',
 'image_crawler.pipelines.EmbeddedVideoPipeline',
 'image_crawler.pipelines.MetadataExportPipeline']
2026-07-13 14:13:12 [py.warnings] WARNING: D:\projects\web-scaping\image_crawler\.venv\Lib\site-packages\scrapy\pipelines\__init__.py:43: ScrapyDeprecationWarning: DedupImagesPipeline.open_spider() requires a spider argument, this is deprecated and the argument will not be passed in future Scrapy versions. If you need to access the spider instance you can save the crawler instance passed to from_crawler() and use its spider attribute.
  self._check_mw_method_spider_arg(mw.open_spider)

2026-07-13 14:13:12 [py.warnings] WARNING: D:\projects\web-scaping\image_crawler\.venv\Lib\site-packages\scrapy\pipelines\__init__.py:46: ScrapyDeprecationWarning: DedupImagesPipeline.close_spider() requires a spider argument, this is deprecated and the argument will not be passed in future Scrapy versions. If you need to access the spider instance you can save the crawler instance passed to from_crawler() and use its spider attribute.
  self._check_mw_method_spider_arg(mw.close_spider)

2026-07-13 14:13:12 [py.warnings] WARNING: D:\projects\web-scaping\image_crawler\.venv\Lib\site-packages\scrapy\pipelines\__init__.py:43: ScrapyDeprecationWarning: EmbeddedVideoPipeline.open_spider() requires a spider argument, this is deprecated and the argument will not be passed in future Scrapy versions. If you need to access the spider instance you can save the crawler instance passed to from_crawler() and use its spider attribute.
  self._check_mw_method_spider_arg(mw.open_spider)

2026-07-13 14:13:12 [py.warnings] WARNING: D:\projects\web-scaping\image_crawler\.venv\Lib\site-packages\scrapy\pipelines\__init__.py:46: ScrapyDeprecationWarning: EmbeddedVideoPipeline.close_spider() requires a spider argument, this is deprecated and the argument will not be passed in future Scrapy versions. If you need to access the spider instance you can save the crawler instance passed to from_crawler() and use its spider attribute.
  self._check_mw_method_spider_arg(mw.close_spider)

2026-07-13 14:13:12 [py.warnings] WARNING: D:\projects\web-scaping\image_crawler\.venv\Lib\site-packages\scrapy\pipelines\__init__.py:49: ScrapyDeprecationWarning: EmbeddedVideoPipeline.process_item() requires a spider argument, this is deprecated and the argument will not be passed in future Scrapy versions. If you need to access the spider instance you can save the crawler instance passed to from_crawler() and use its spider attribute.
  self._check_mw_method_spider_arg(mw.process_item)

2026-07-13 14:13:12 [py.warnings] WARNING: D:\projects\web-scaping\image_crawler\.venv\Lib\site-packages\scrapy\pipelines\__init__.py:43: ScrapyDeprecationWarning: MetadataExportPipeline.open_spider() requires a spider argument, this is deprecated and the argument will not be passed in future Scrapy versions. If you need to access the spider instance you can save the crawler instance passed to from_crawler() and use its spider attribute.
  self._check_mw_method_spider_arg(mw.open_spider)

2026-07-13 14:13:12 [py.warnings] WARNING: D:\projects\web-scaping\image_crawler\.venv\Lib\site-packages\scrapy\pipelines\__init__.py:46: ScrapyDeprecationWarning: MetadataExportPipeline.close_spider() requires a spider argument, this is deprecated and the argument will not be passed in future Scrapy versions. If you need to access the spider instance you can save the crawler instance passed to from_crawler() and use its spider attribute.
  self._check_mw_method_spider_arg(mw.close_spider)

2026-07-13 14:13:12 [py.warnings] WARNING: D:\projects\web-scaping\image_crawler\.venv\Lib\site-packages\scrapy\pipelines\__init__.py:49: ScrapyDeprecationWarning: MetadataExportPipeline.process_item() requires a spider argument, this is deprecated and the argument will not be passed in future Scrapy versions. If you need to access the spider instance you can save the crawler instance passed to from_crawler() and use its spider attribute.
  self._check_mw_method_spider_arg(mw.process_item)

2026-07-13 14:13:12 [scrapy.core.engine] INFO: Spider opened
2026-07-13 14:13:12 [py.warnings] WARNING: D:\projects\web-scaping\image_crawler\image_crawler\pipelines.py:33: ScrapyDeprecationWarning: Passing a 'spider' argument to MediaPipeline.open_spider() is deprecated and the argument will be removed in a future Scrapy version.
  super().open_spider(spider)

2026-07-13 14:13:12 [scrapy.extensions.logstats] INFO: Crawled 0 pages (at 0 pages/min), scraped 0 items (at 0 items/min)
2026-07-13 14:13:12 [scrapy.extensions.telnet] INFO: Telnet console listening on 127.0.0.1:6023
2026-07-13 14:13:16 [scrapy.core.engine] INFO: Closing spider (finished)
2026-07-13 14:13:16 [imagespider] INFO: Exported 18 media records to metadata.csv and metadata.json
2026-07-13 14:13:16 [scrapy.statscollectors] INFO: Dumping Scrapy stats:
{'downloader/exception_count': 1,
 'downloader/exception_type_count/scrapy.exceptions.IgnoreRequest': 1,
 'downloader/request_bytes': 11768,
 'downloader/request_count': 28,
 'downloader/request_method_count/GET': 28,
 'downloader/response_bytes': 10651127,
 'downloader/response_count': 28,
 'downloader/response_status_count/200': 28,
 'dupefilter/filtered': 34,
 'elapsed_time_seconds': 3.7038102000951767,
 'file_count': 18,
 'file_status_count/downloaded': 18,
 'finish_reason': 'finished',
 'finish_time': datetime.datetime(2026, 7, 13, 11, 13, 16, 658833, tzinfo=datetime.timezone.utc),
 'httpcache/firsthand': 27,
 'httpcache/hit': 1,
 'httpcache/miss': 27,
 'httpcache/store': 27,
 'httpcompression/response_bytes': 392227,
 'httpcompression/response_count': 10,
 'images/downloaded': 20,
 'item_scraped_count': 20,
 'items_per_minute': 400.0,
 'log_count/INFO': 4,
 'offsite/domains': 1,
 'offsite/filtered': 1,
 'request_depth_max': 2,
 'response_received_count': 28,
 'responses_per_minute': 560.0,
 'robotstxt/request_count': 2,
 'robotstxt/response_count': 1,
 'robotstxt/response_status_count/200': 1,
 'scheduler/dequeued': 9,
 'scheduler/dequeued/memory': 9,
 'scheduler/enqueued': 9,
 'scheduler/enqueued/memory': 9,
 'start_time': datetime.datetime(2026, 7, 13, 11, 13, 12, 955005, tzinfo=datetime.timezone.utc)}
2026-07-13 14:13:16 [scrapy.core.engine] INFO: Spider closed (finished)
